<?xml version="1.0" encoding="UTF-8"?>
<!-- Generated by org.testng.reporters.JUnitReportReporter -->
<testsuite hostname="Dell" failures="0" tests="1" name="qaclickacademy.Maven.AppTest" time="0.005" errors="0" timestamp="2020-07-21T23:51:21 IST" skipped="0">
  <testcase classname="qaclickacademy.Maven.AppTest" name="shouldAnswerWithTrue" time="0.005"/>
  <system-out/>
</testsuite> <!-- qaclickacademy.Maven.AppTest -->
