<?xml version="1.0" encoding="UTF-8"?>
<!-- Generated by org.testng.reporters.JUnitReportReporter -->
<testsuite hostname="Dell" failures="0" tests="2" name="qaclickacademy.Maven.SeleniumTest" time="0.008" errors="0" timestamp="21 Jul 2020 10:59:54 GMT" skipped="0">
  <testcase classname="qaclickacademy.Maven.SeleniumTest" name="login" time="0.007"/>
  <testcase classname="qaclickacademy.Maven.SeleniumTest" name="logout" time="0.001"/>
</testsuite> <!-- qaclickacademy.Maven.SeleniumTest -->
