<?xml version="1.0" encoding="UTF-8"?>
<!-- Generated by org.testng.reporters.JUnitReportReporter -->
<testsuite hostname="Dell" failures="0" tests="2" name="qaclickacademy.Maven.RestAPITest" time="0.010" errors="0" timestamp="21 Jul 2020 11:00:03 GMT" skipped="0">
  <testcase classname="qaclickacademy.Maven.RestAPITest" name="deletetwitter" time="0.008"/>
  <testcase classname="qaclickacademy.Maven.RestAPITest" name="postjira" time="0.002"/>
</testsuite> <!-- qaclickacademy.Maven.RestAPITest -->
