<?xml version="1.0" encoding="UTF-8"?>
<!-- Generated by org.testng.reporters.JUnitReportReporter -->
<testsuite hostname="Dell" failures="0" tests="2" name="qaclickacademy.Maven.AppiumTest" time="0.011" errors="0" timestamp="21 Jul 2020 10:59:28 GMT" skipped="0">
  <testcase classname="qaclickacademy.Maven.AppiumTest" name="chinamobile" time="0.010"/>
  <testcase classname="qaclickacademy.Maven.AppiumTest" name="mobilenanu" time="0.001"/>
</testsuite> <!-- qaclickacademy.Maven.AppiumTest -->
